<?xml version="1.0" encoding="UTF-8"?>
<testsuite name="BinaryTreeTest" tests="11" skipped="0" failures="0" errors="0" timestamp="2022-05-10T14:47:24" hostname="LAPTOP-M9EHKSNA" time="0.025">
  <properties/>
  <testcase name="getNumberOfLeafs_ShouldReturn6()" classname="BinaryTreeTest" time="0.016"/>
  <testcase name="areEqual_ShouldReturnTrue()" classname="BinaryTreeTest" time="0.001"/>
  <testcase name="getNumberOfLeafs_ShouldReturnCorrect_WhenRootIsNull()" classname="BinaryTreeTest" time="0.0"/>
  <testcase name="getNumberOfLeafs_ShouldReturnCorrectValue_WhenOnlyRoot()" classname="BinaryTreeTest" time="0.0"/>
  <testcase name="getLargestNumberOfEdges_ShouldReturn4()" classname="BinaryTreeTest" time="0.0"/>
  <testcase name="areEqual_ShouldReturnFalse_WhenIsNullAndComparesWithNode()" classname="BinaryTreeTest" time="0.001"/>
  <testcase name="getLargestNumberOfEdges_ShouldReturnCorrectValue_WhenRootIsNull()" classname="BinaryTreeTest" time="0.0"/>
  <testcase name="getLargestNumberOfEdges_ShouldReturnCorrectValue_WhenOnlyRoot()" classname="BinaryTreeTest" time="0.001"/>
  <testcase name="areEqual_ShouldReturnFalse()" classname="BinaryTreeTest" time="0.0"/>
  <testcase name="areEqual_ShouldReturnTrue_WhenComparingTwoNulls()" classname="BinaryTreeTest" time="0.0"/>
  <testcase name="areEqual_ShouldReturnFalse_WhenComparingWithNull()" classname="BinaryTreeTest" time="0.001"/>
  <system-out><![CDATA[]]></system-out>
  <system-err><![CDATA[]]></system-err>
</testsuite>
